✅ Configuration loaded successfully.
   - Mode: Development
   - Allowed Origins: https://uhetech.cn, http://localhost:5488, http://127.0.0.1:5488, http://localhost:4000, http://127.0.0.1:4000
Mirrored AI runtime artifacts to C:\Users\SULEJM~1\AppData\Local\Temp\uhetech-runtime
Loading existing V5 index from C:\Users\SULEJM~1\AppData\Local\Temp\uhetech-runtime\vector_index_v5.bin...
✅ Index and 213 documents loaded.
✅ AI backend server running at http://localhost:3000
Generating sub-queries for: "帝国往事"
Generated sub-queries: [ '帝国往事', '帝国历史编年档案', '人类帝国兴衰关键事件', '帝国往事官方文献记录' ]
- Total texts to embed: 4. Processing in batches of 10...
- Processing batch 1 / 1 (size: 4)
Retrieved 17 unique documents from 4 sub-queries for query: "帝国往事"
Generating final answer directly from 17 unique documents for query: "帝国往事"
Generating sub-queries for: "帝国纪元80-81年发生什么事情了"
Generated sub-queries: [
  '帝国纪元80-81年发生什么事情了',
  '帝国纪元80至81年重大历史事件记录',
  '人类帝国在80-81年间的军事扩张与边境冲突',
  '年代初帝国中枢政治动荡与皇室诏令档案'
]
- Total texts to embed: 4. Processing in batches of 10...
- Processing batch 1 / 1 (size: 4)
Retrieved 20 unique documents from 4 sub-queries for query: "帝国纪元80-81年发生什么事情了"
Generating final answer directly from 20 unique documents for query: "帝国纪元80-81年发生什么事情了"
Generating sub-queries for: "hi"
Generated sub-queries: [ 'hi', '人类帝国基础问候礼仪与规范', '帝国公民日常交流用语指南', '帝国内部通讯协议与标准开场白' ]
- Total texts to embed: 4. Processing in batches of 10...
- Processing batch 1 / 1 (size: 4)
Retrieved 32 unique documents from 4 sub-queries for query: "hi"
Generating final answer directly from 32 unique documents for query: "hi"
