*******************************************
***COMSOL 6.3.0.290 progress output file***
*******************************************
Fri Apr 03 13:01:07 CST 2026
COMSOL Multiphysics 6.3 (开发版本: 290) 在批处理模式下启动
正在打开文件: C:\Users\sulejmani\Desktop\Untitled.mph
打开时间: 8 s.
输入文件名 C:\Users\sulejmani\Desktop\Untitled.mph 将用作输出文件名。
正在运行: 研究 1
           当前进度:   1 % - 生成方程
Memory: 858/868 932/947
           当前进度:   2 % - 生成方程
Memory: 883/883 949/952
           当前进度:   3 % - 生成方程
Memory: 882/892 947/959
<---- 研究 1/解 1 (sol1) 中的“编译方程: 稳态” ---------------------------------------------
开始于 2026年4月3日 下午1:01:18。
几何形函数: 二次拉格朗日单元
在 Intel64 Family 6 Model 183 Stepping 1, GenuineIntel 上运行。
在以下位置使用 1 个插槽： ASUS-SULEJMANI 上（共 32 个内核）。
可用内存：32.38 GB。
           当前进度:   7 % - 编译方程: 稳态
Memory: 945/948 1022/1027
时间：2。
物理内存: 951 MB
虚拟内存: 1027 MB
结束时间：2026年4月3日 下午1:01:20。
----- 研究 1/解 1 (sol1) 中的“编译方程: 稳态” -------------------------------------------->
<---- 研究 1/解 1 (sol1) 中的“因变量 1” ------------------------------------------------
开始于 2026年4月3日 下午1:01:20。
           当前进度:   7 % - 因变量 1
Memory: 951/951 1022/1027
求解时间：0 s。
物理内存: 952 MB
虚拟内存: 1022 MB
结束时间：2026年4月3日 下午1:01:20。
----- 研究 1/解 1 (sol1) 中的“因变量 1” ----------------------------------------------->
<---- 研究 1/解 1 (sol1) 中的“稳态求解器 1” ----------------------------------------------
开始于 2026年4月3日 下午1:01:20。
分离式求解器
求解的自由度数：19220（加上 5412 个内部自由度）。
分离式求解器迭代 1。
电流 2  
找到对称矩阵。
缩放因变量：
电势 (comp1.V2): 1
已使用正交零空间函数。
-          当前进度:  12 % - 组装延展
Memory: 1040/1074 1104/1138
Iter      SolEst     Damping    Stepsize #Res #Jac #Sol LinIt   LinErr   LinRes
   1         1.2   0.8000000         1.2    2    1    1     4  7.4e-05  1.1e-07
温度    
找到对称矩阵。
缩放因变量：
温度 (comp1.T2): 2.9e+02
已使用正交零空间函数。
-          当前进度:  12 % - 矩阵分解
Memory: 1093/1093 1301/1301
Iter      SolEst     Damping    Stepsize #Res #Jac #Sol   LinErr   LinRes
   1         1.2   0.8000000         1.2    2    1    1  4.1e-12    1e-10
分离组误差估计
0.96, 1
分离组残差估计
4.3e+04, 2.5e+03
分离式求解器迭代 2。
电流 2  
Iter      SolEst     Damping    Stepsize #Res #Jac #Sol LinIt   LinErr   LinRes
   1         0.2   0.8000000         0.2    4    1    2     8  7.4e-05  1.1e-07
温度    
-          当前进度:  12 % - 组装矩阵
Memory: 1200/1200 1522/1522
Iter      SolEst     Damping    Stepsize #Res #Jac #Sol   LinErr   LinRes
   1        0.49   0.8000000        0.49    4    1    2  4.1e-12  9.8e-11
分离组误差估计
0.16, 0.39
分离组残差估计
1.7e+03, 1.6e+03
分离式求解器迭代 3。
电流 2  
Iter      SolEst     Damping    Stepsize #Res #Jac #Sol LinIt   LinErr   LinRes
   1       0.039   0.8000000       0.039    6    1    3    12  7.4e-05  1.1e-07
温度    
Iter      SolEst     Damping    Stepsize #Res #Jac #Sol   LinErr   LinRes
   1        0.15   0.8000000        0.15    6    1    3  1.5e-12    1e-10
分离组误差估计
0.031, 0.12
分离组残差估计
3.4e+02, 5.5e+02
分离式求解器迭代 4。
电流 2  
Iter      SolEst     Damping    Stepsize #Res #Jac #Sol LinIt   LinErr   LinRes
   1      0.0077   0.8000000      0.0077    8    1    4    16  7.4e-05  1.1e-07
温度    
Iter      SolEst     Damping    Stepsize #Res #Jac #Sol   LinErr   LinRes
   1       0.042   0.8000000       0.042    8    1    4  3.6e-12  9.9e-11
分离组误差估计
0.0062, 0.034
分离组残差估计
68, 1.6e+02
-----      当前进度:  55 % - 组装矩阵
Memory: 1254/1254 1556/1563
分离式求解器迭代 5。
电流 2  
Iter      SolEst     Damping    Stepsize #Res #Jac #Sol LinIt   LinErr   LinRes
   1      0.0015   0.8000000      0.0015   10    1    5    20  7.4e-05  1.1e-07
温度    
Iter      SolEst     Damping    Stepsize #Res #Jac #Sol   LinErr   LinRes
   1       0.011   0.8000000       0.011   10    1    5    5e-12    1e-10
分离组误差估计
0.0012, 0.0087
分离组残差估计
14, 42
分离式求解器迭代 6。
电流 2  
Iter      SolEst     Damping    Stepsize #Res #Jac #Sol LinIt   LinErr   LinRes
   1     0.00031   0.8000000     0.00031   12    1    6    24  7.4e-05  1.1e-07
温度    
Iter      SolEst     Damping    Stepsize #Res #Jac #Sol   LinErr   LinRes
   1      0.0027   0.8000000      0.0027   12    1    6  1.6e-12    1e-10
分离组误差估计
0.00025, 0.0022
分离组残差估计
2.7, 10
分离式求解器迭代 7。
电流 2  
---------  当前进度:  90 % - 
Memory: 1259/1259 1556/1563
Iter      SolEst     Damping    Stepsize #Res #Jac #Sol LinIt   LinErr   LinRes
   1     6.1e-05   0.8000000     6.1e-05   14    1    7    28  7.4e-05  1.1e-07
温度    
Iter      SolEst     Damping    Stepsize #Res #Jac #Sol   LinErr   LinRes
   1     0.00064   0.8000000     0.00064   14    1    7  2.2e-12    1e-10
分离组误差估计
4.9e-05, 0.00051
分离组残差估计
0.55, 2.5
---------- 当前进度: 100 % - 
Memory: 1240/1261 1526/1563
求解时间：2 s。
物理内存: 1.26 GB
虚拟内存: 1.56 GB
结束时间：2026年4月3日 下午1:01:22。
----- 研究 1/解 1 (sol1) 中的“稳态求解器 1” --------------------------------------------->
运行时间: 6 s.
正在保存模型: C:\Users\sulejmani\Desktop\Untitled.mph
保存时间: 1 s.
总时间: 15 s.
---------- 当前进度: 100 % - 完成
Memory: 1267/1273 1548/1563
